<?xml version="1.0" encoding="UTF-8"?>
<!-- Generated by org.testng.reporters.JUnitXMLReporter -->
<testsuite hostname="DESKTOP-HAMAA1I" name="Test-Runner-Chrome" tests="1" failures="0" timestamp="2 Jun 2018 17:56:38 GMT" time="14.254" errors="0">
  <testcase name="CreateCustomer" time="3.472" classname="com.test.practice.actitime.tests.CreateCust"/>
</testsuite> <!-- Test-Runner-Chrome -->
