<?xml version="1.0" encoding="UTF-8"?>
<!-- Generated by org.testng.reporters.JUnitXMLReporter -->
<testsuite hostname="DESKTOP-HAMAA1I" name="Test-Runner-Firefox" tests="1" failures="0" timestamp="2 Jun 2018 17:58:12 GMT" time="36.519" errors="0">
  <testcase name="CreateProject" time="5.828" classname="com.test.practice.actitime.tests.createpro"/>
</testsuite> <!-- Test-Runner-Firefox -->
