<?xml version="1.0" encoding="UTF-8"?>
<!-- Generated by org.testng.reporters.JUnitReportReporter -->
<testsuite hostname="DESKTOP-HAMAA1I" name="Create" tests="1" failures="0" timestamp="2 Jun 2018 14:50:22 GMT" time="7.104" errors="0">
  <testcase name="CreateCustomer" time="7.104" classname="Create"/>
</testsuite> <!-- Create -->
