<?xml version="1.0" encoding="UTF-8"?>
<!-- Generated by org.testng.reporters.JUnitReportReporter -->
<testsuite hostname="DESKTOP-HAMAA1I" name="com.test.practice.actitime.tests.CreateCust" tests="1" failures="0" timestamp="2 Jun 2018 17:56:38 GMT" time="9.119" errors="0">
  <testcase name="CreateCustomer" time="9.119" classname="com.test.practice.actitime.tests.CreateCust"/>
</testsuite> <!-- com.test.practice.actitime.tests.CreateCust -->
