<?xml version="1.0" encoding="UTF-8"?>
<!-- Generated by org.testng.reporters.JUnitReportReporter -->
<testsuite hostname="DESKTOP-HAMAA1I" name="com.test.practice.Grouping.Test1" tests="4" failures="0" timestamp="2 Jun 2018 15:47:33 GMT" time="0.017" errors="0">
  <testcase name="CreateCust" time="0.002" classname="com.test.practice.Grouping.Test1"/>
  <testcase name="verifyErrors" time="0.002" classname="com.test.practice.Grouping.Test1"/>
  <testcase name="modifyCust" time="0.011" classname="com.test.practice.Grouping.Test1"/>
  <testcase name="DeleteCust" time="0.002" classname="com.test.practice.Grouping.Test1"/>
</testsuite> <!-- com.test.practice.Grouping.Test1 -->
