<?xml version="1.0" encoding="UTF-8"?>
<!-- Generated by org.testng.reporters.JUnitReportReporter -->
<testsuite hostname="DESKTOP-HAMAA1I" name="com.test.practice.Grouping.Test2" tests="4" failures="0" timestamp="2 Jun 2018 15:47:33 GMT" time="0.007" errors="0">
  <testcase name="verifyErrors" time="0.002" classname="com.test.practice.Grouping.Test2"/>
  <testcase name="CreateTasks" time="0.001" classname="com.test.practice.Grouping.Test2"/>
  <testcase name="DeleteTasks" time="0.002" classname="com.test.practice.Grouping.Test2"/>
  <testcase name="modifyTasks" time="0.002" classname="com.test.practice.Grouping.Test2"/>
</testsuite> <!-- com.test.practice.Grouping.Test2 -->
