<?xml version="1.0" encoding="UTF-8"?>
<!-- Generated by org.testng.reporters.JUnitReportReporter -->
<testsuite hostname="DESKTOP-HAMAA1I" name="createpro" tests="1" failures="0" timestamp="2 Jun 2018 14:58:21 GMT" time="8.030" errors="0">
  <testcase name="CreateProject" time="8.030" classname="createpro"/>
</testsuite> <!-- createpro -->
