<?xml version="1.0" encoding="UTF-8"?>
<!-- Generated by org.testng.reporters.JUnitReportReporter -->
<testsuite hostname="DESKTOP-HAMAA1I" name="com.test.practice.actitime.tests.createpro" tests="1" failures="0" timestamp="2 Jun 2018 17:52:14 GMT" time="19.766" errors="0">
  <testcase name="CreateProject" time="19.766" classname="com.test.practice.actitime.tests.createpro"/>
</testsuite> <!-- com.test.practice.actitime.tests.createpro -->
