<?xml version="1.0" encoding="UTF-8"?>
<!-- Generated by org.testng.reporters.JUnitReportReporter -->
<testsuite hostname="DESKTOP-HAMAA1I" name="com.actitime.projectandcustomertest.SampleTest_TestNG" tests="1" failures="0" timestamp="27 May 2018 07:56:33 GMT" time="5.844" errors="0">
  <testcase name="CreateCustomerTest" time="5.844" classname="com.actitime.projectandcustomertest.SampleTest_TestNG"/>
</testsuite> <!-- com.actitime.projectandcustomertest.SampleTest_TestNG -->
